[debug] [2026-02-27T23:12:17.425Z] ----------------------------------------------------------------------
[debug] [2026-02-27T23:12:17.447Z] Command:       /nix/store/ws50yvm6vzlzf7jzz6n7xh4szddrack1-nodejs-20.19.1/bin/node /nix/store/gm9mcvzb17vv8cla08khrg29vxn3sq4r-firebase-tools-15.1.0/lib/node_modules/firebase-tools/lib/bin/firebase.js init
[debug] [2026-02-27T23:12:17.456Z] CLI Version:   15.1.0
[debug] [2026-02-27T23:12:17.456Z] Platform:      linux
[debug] [2026-02-27T23:12:17.461Z] Node Version:  v20.19.1
[debug] [2026-02-27T23:12:17.461Z] Time:          Fri Feb 27 2026 23:12:17 GMT+0000 (Coordinated Universal Time)
[debug] [2026-02-27T23:12:17.463Z] ----------------------------------------------------------------------
[debug] 
[debug] [2026-02-27T23:12:29.917Z] No OAuth tokens found
[debug] [2026-02-27T23:12:29.920Z] No OAuth tokens found
[error] Failed to fetch Firebase Project from current Studio Workspace: Unable to refresh auth: not yet authenticated.
[info] 
     ######## #### ########  ######## ########     ###     ######  ########
     ##        ##  ##     ## ##       ##     ##  ##   ##  ##       ##
     ######    ##  ########  ######   ########  #########  ######  ######
     ##        ##  ##    ##  ##       ##     ## ##     ##       ## ##
     ##       #### ##     ## ######## ########  ##     ##  ######  ########

You're about to initialize a Firebase project in this directory:

  /home/user/studio

[info] 
=== Project Setup
[info] 
[info] First, let's associate this project directory with a Firebase project.
[info] You can create multiple project aliases by running firebase use --add, 
[info] 
[debug] [2026-02-27T23:23:02.371Z] > command requires scopes: ["email","openid","https://www.googleapis.com/auth/cloudplatformprojects.readonly","https://www.googleapis.com/auth/firebase","https://www.googleapis.com/auth/cloud-platform","https://www.googleapis.com/auth/userinfo.email"]
[debug] [2026-02-27T23:24:27.972Z] Running auto auth
[debug] [2026-02-27T23:24:28.008Z] No OAuth tokens found
[debug] [2026-02-27T23:24:28.013Z] >>> [apiv2][query] GET https://firebase.googleapis.com/v1beta1/projects pageSize=100
[debug] [2026-02-27T23:24:28.367Z] <<< [apiv2][status] GET https://firebase.googleapis.com/v1beta1/projects 200
[debug] [2026-02-27T23:24:28.368Z] <<< [apiv2][body] GET https://firebase.googleapis.com/v1beta1/projects [omitted]
